[debug] [2020-12-27T14:01:07.906Z] ----------------------------------------------------------------------
[debug] [2020-12-27T14:01:07.914Z] Command:       C:\Program Files\nodejs\node.exe C:\Users\raj_vadeghar\AppData\Roaming\npm\node_modules\firebase-tools\lib\bin\firebase.js deploy
[debug] [2020-12-27T14:01:07.915Z] CLI Version:   9.1.0
[debug] [2020-12-27T14:01:07.915Z] Platform:      win32
[debug] [2020-12-27T14:01:07.916Z] Node Version:  v12.16.3
[debug] [2020-12-27T14:01:07.967Z] Time:          Sun Dec 27 2020 19:31:07 GMT+0530 (India Standard Time)
[debug] [2020-12-27T14:01:07.968Z] ----------------------------------------------------------------------
[debug] [2020-12-27T14:01:07.968Z] 
[debug] [2020-12-27T14:01:08.012Z] > command requires scopes: ["email","openid","https://www.googleapis.com/auth/cloudplatformprojects.readonly","https://www.googleapis.com/auth/firebase","https://www.googleapis.com/auth/cloud-platform"]
[debug] [2020-12-27T14:01:08.014Z] > authorizing via signed-in user
[debug] [2020-12-27T14:01:08.014Z] [iam] checking project facebook-messenger-clone-a6969 for permissions ["firebase.projects.get","firebasehosting.sites.update"]
[debug] [2020-12-27T14:01:08.021Z] > refreshing access token with scopes: ["email","https://www.googleapis.com/auth/cloud-platform","https://www.googleapis.com/auth/cloudplatformprojects.readonly","https://www.googleapis.com/auth/firebase","openid"]
[debug] [2020-12-27T14:01:08.022Z] >>> HTTP REQUEST POST https://www.googleapis.com/oauth2/v3/token  
 <request body omitted>
[debug] [2020-12-27T14:01:29.379Z] [iam] error while checking permissions, command may fail: FirebaseError: Authentication Error: Your credentials are no longer valid. Please run firebase login --reauth

For CI servers and headless environments, generate a new token with firebase login:ci
[debug] [2020-12-27T14:01:29.382Z] > refreshing access token with scopes: ["email","https://www.googleapis.com/auth/cloud-platform","https://www.googleapis.com/auth/cloudplatformprojects.readonly","https://www.googleapis.com/auth/firebase","openid"]
[debug] [2020-12-27T14:01:29.382Z] >>> HTTP REQUEST POST https://www.googleapis.com/oauth2/v3/token  
 <request body omitted>
[debug] [2020-12-27T14:01:50.435Z] Authentication Error: Your credentials are no longer valid. Please run firebase login --reauth

For CI servers and headless environments, generate a new token with firebase login:ci
[debug] [2020-12-27T14:01:51.078Z] FirebaseError: Authentication Error: Your credentials are no longer valid. Please run firebase login --reauth

For CI servers and headless environments, generate a new token with firebase login:ci
    at Object.<anonymous> (C:\Users\raj_vadeghar\AppData\Roaming\npm\node_modules\firebase-tools\lib\auth.js:23:32)
    at Module._compile (internal/modules/cjs/loader.js:1133:30)
    at Object.Module._extensions..js (internal/modules/cjs/loader.js:1153:10)
    at Module.load (internal/modules/cjs/loader.js:977:32)
    at Function.Module._load (internal/modules/cjs/loader.js:877:14)
    at Module.require (internal/modules/cjs/loader.js:1019:19)
    at require (internal/modules/cjs/helpers.js:77:18)
    at Object.<anonymous> (C:\Users\raj_vadeghar\AppData\Roaming\npm\node_modules\firebase-tools\lib\init\features\hosting\github.js:11:16)
    at Module._compile (internal/modules/cjs/loader.js:1133:30)
    at Object.Module._extensions..js (internal/modules/cjs/loader.js:1153:10)
    at Module.load (internal/modules/cjs/loader.js:977:32)
    at Function.Module._load (internal/modules/cjs/loader.js:877:14)
    at Module.require (internal/modules/cjs/loader.js:1019:19)
    at require (internal/modules/cjs/helpers.js:77:18)
    at Object.<anonymous> (C:\Users\raj_vadeghar\AppData\Roaming\npm\node_modules\firebase-tools\lib\init\features\hosting\index.js:5:24)
    at Module._compile (internal/modules/cjs/loader.js:1133:30)
[error] 
[error] Error: Failed to get Firebase project facebook-messenger-clone-a6969. Please make sure the project exists and your account has permission to access it.
